<?xml version="1.0" encoding="UTF-8"?>
<testsuite xmlns:xsi="http://www.w3.org/2001/XMLSchema-instance" xsi:noNamespaceSchemaLocation="https://maven.apache.org/surefire/maven-surefire-plugin/xsd/surefire-test-report.xsd" version="3.0.2" name="cl.duoc.ms_reservas.MsReservasApplicationTests" time="12.782" tests="1" errors="0" skipped="0" failures="0">
  <properties>
[...]
</properties>
  <testcase name="contextLoads" classname="cl.duoc.ms_reservas.MsReservasApplicationTests" time="0.753">
    <system-out><![CDATA[02:47:12.579 [main] INFO org.springframework.test.context.support.AnnotationConfigContextLoaderUtils -- Could not detect default configuration classes for test class [cl.duoc.ms_reservas.MsReservasApplicationTests]: MsReservasApplicationTests does not declare any static, non-private, non-final, nested classes annotated with @Configuration.
02:47:12.929 [main] INFO org.springframework.boot.test.context.SpringBootTestContextBootstrapper -- Found @SpringBootConfiguration cl.duoc.ms_reservas.MsReservasApplication for test class cl.duoc.ms_reservas.MsReservasApplicationTests

  .   ____          _            __ _ _
 /\\ / ___'_ __ _ _(_)_ __  __ _ \ \ \ \
( ( )\___ | '_ | '_| | '_ \/ _` | \ \ \ \
 \\/  ___)| |_)| | | | | || (_| |  ) ) ) )
  '  |____| .__|_| |_|_| |_\__, | / / / /
 =========|_|==============|___/=/_/_/_/

 :: Spring Boot ::                (v3.4.3)

2026-05-18T02:47:14.797Z  INFO 21052 --- [ms-reservas] [           main] c.d.m.MsReservasApplicationTests         : Starting MsReservasApplicationTests using Java 21.0.11 with PID 21052 (started by root in /app/ms-reservas)
2026-05-18T02:47:14.802Z  INFO 21052 --- [ms-reservas] [           main] c.d.m.MsReservasApplicationTests         : No active profile set, falling back to 1 default profile: "default"
2026-05-18T02:47:17.249Z  INFO 21052 --- [ms-reservas] [           main] .s.d.r.c.RepositoryConfigurationDelegate : Bootstrapping Spring Data JPA repositories in DEFAULT mode.
2026-05-18T02:47:17.456Z  INFO 21052 --- [ms-reservas] [           main] .s.d.r.c.RepositoryConfigurationDelegate : Finished Spring Data repository scanning in 157 ms. Found 1 JPA repository interface.
2026-05-18T02:47:18.023Z  INFO 21052 --- [ms-reservas] [           main] o.s.cloud.context.scope.GenericScope     : BeanFactory id=609fc063-c770-3eac-aa5a-a115352aac6d
2026-05-18T02:47:18.999Z  INFO 21052 --- [ms-reservas] [           main] o.hibernate.jpa.internal.util.LogHelper  : HHH000204: Processing PersistenceUnitInfo [name: default]
2026-05-18T02:47:19.153Z  INFO 21052 --- [ms-reservas] [           main] org.hibernate.Version                    : HHH000412: Hibernate ORM core version 6.6.8.Final
2026-05-18T02:47:19.264Z  INFO 21052 --- [ms-reservas] [           main] o.h.c.internal.RegionFactoryInitiator    : HHH000026: Second-level cache disabled
2026-05-18T02:47:19.972Z  INFO 21052 --- [ms-reservas] [           main] o.s.o.j.p.SpringPersistenceUnitInfo      : No LoadTimeWeaver setup: ignoring JPA class transformer
2026-05-18T02:47:20.051Z  INFO 21052 --- [ms-reservas] [           main] com.zaxxer.hikari.HikariDataSource       : HikariPool-1 - Starting...
2026-05-18T02:47:20.743Z  INFO 21052 --- [ms-reservas] [           main] com.zaxxer.hikari.pool.HikariPool        : HikariPool-1 - Added connection com.mysql.cj.jdbc.ConnectionImpl@67c0c90b
2026-05-18T02:47:20.745Z  INFO 21052 --- [ms-reservas] [           main] com.zaxxer.hikari.HikariDataSource       : HikariPool-1 - Start completed.
2026-05-18T02:47:20.893Z  INFO 21052 --- [ms-reservas] [           main] org.hibernate.orm.connections.pooling    : HHH10001005: Database info:
	Database JDBC URL [Connecting through datasource 'HikariDataSource (HikariPool-1)']
	Database driver: undefined/unknown
	Database version: 8.0.46
	Autocommit mode: undefined/unknown
	Isolation level: undefined/unknown
	Minimum pool size: undefined/unknown
	Maximum pool size: undefined/unknown
2026-05-18T02:47:22.454Z  INFO 21052 --- [ms-reservas] [           main] o.h.e.t.j.p.i.JtaPlatformInitiator       : HHH000489: No JTA platform available (set 'hibernate.transaction.jta.platform' to enable JTA platform integration)
2026-05-18T02:47:22.525Z  INFO 21052 --- [ms-reservas] [           main] j.LocalContainerEntityManagerFactoryBean : Initialized JPA EntityManagerFactory for persistence unit 'default'
2026-05-18T02:47:22.978Z  WARN 21052 --- [ms-reservas] [           main] JpaBaseConfiguration$JpaWebConfiguration : spring.jpa.open-in-view is enabled by default. Therefore, database queries may be performed during view rendering. Explicitly configure spring.jpa.open-in-view to disable this warning
2026-05-18T02:47:23.970Z  INFO 21052 --- [ms-reservas] [           main] c.d.m.MsReservasApplicationTests         : Started MsReservasApplicationTests in 9.942 seconds (process running for 13.456)
]]></system-out>
    <system-err><![CDATA[Mockito is currently self-attaching to enable the inline-mock-maker. This will no longer work in future releases of the JDK. Please add Mockito as an agent to your build what is described in Mockito's documentation: https://javadoc.io/doc/org.mockito/mockito-core/latest/org/mockito/Mockito.html#0.3
WARNING: A Java agent has been loaded dynamically (/root/.m2/repository/net/bytebuddy/byte-buddy-agent/1.15.11/byte-buddy-agent-1.15.11.jar)
WARNING: If a serviceability tool is in use, please run with -XX:+EnableDynamicAgentLoading to hide this warning
WARNING: If a serviceability tool is not in use, please run with -Djdk.instrument.traceUsage for more information
WARNING: Dynamic loading of agents will be disallowed by default in a future release
]]></system-err>
  </testcase>
</testsuite>